

                [38;5;069m(((((((((    [38;5;203m((((([38;5;220m####
             [38;5;069m((((((((((((([38;5;203m((((((((([38;5;220m#########
           [38;5;069m((((((((((((([38;5;203m((((((((((([38;5;220m###########
         [38;5;069m(((((((((((((([38;5;203m(((((((((((([38;5;220m############
        [38;5;069m((((((((((((([38;5;203m(((((((((((((([38;5;220m#############
        [38;5;069m((((((((((((([38;5;203m(((((((((((((([38;5;220m#############
         [38;5;069m(((((((((((([38;5;203m((((((((((((([38;5;220m##############
         [38;5;069m(((((((((((([38;5;203m(((((((((((([38;5;220m##############
           [38;5;069m(((((((((([38;5;203m((((((((((([38;5;220m#############
             [38;5;069m(((((((([38;5;203m(((((((([38;5;220m##############
                [38;5;069m((((([38;5;203m((((    [38;5;220m#########[0m

Saving data to: /mnt/d/SacredSpace_OS/05_MEMORY_ENGINE/chroma_data
Connect to Chroma at: http://localhost:8000
Getting started guide: https://docs.trychroma.com/docs/overview/getting-started

☁️ To deploy your DB - try Chroma Cloud!
- Sign up: https://trychroma.com/signup
- Copy your data to Cloud: chroma copy --to-cloud --all

OpenTelemetry is not enabled because it is missing from the config.


                [38;5;069m(((((((((    [38;5;203m((((([38;5;220m####
             [38;5;069m((((((((((((([38;5;203m((((((((([38;5;220m#########
           [38;5;069m((((((((((((([38;5;203m((((((((((([38;5;220m###########
         [38;5;069m(((((((((((((([38;5;203m(((((((((((([38;5;220m############
        [38;5;069m((((((((((((([38;5;203m(((((((((((((([38;5;220m#############
        [38;5;069m((((((((((((([38;5;203m(((((((((((((([38;5;220m#############
         [38;5;069m(((((((((((([38;5;203m((((((((((((([38;5;220m##############
         [38;5;069m(((((((((((([38;5;203m(((((((((((([38;5;220m##############
           [38;5;069m(((((((((([38;5;203m((((((((((([38;5;220m#############
             [38;5;069m(((((((([38;5;203m(((((((([38;5;220m##############
                [38;5;069m((((([38;5;203m((((    [38;5;220m#########[0m

Saving data to: /mnt/d/SacredSpace_OS/05_MEMORY_ENGINE/chroma_data
Connect to Chroma at: http://localhost:8000
Getting started guide: https://docs.trychroma.com/docs/overview/getting-started

☁️ To deploy your DB - try Chroma Cloud!
- Sign up: https://trychroma.com/signup
- Copy your data to Cloud: chroma copy --to-cloud --all

  [2m2026-04-27T00:19:12.224140Z[0m [32m INFO[0m  [32mGlobal tracing subscriber set[0m
    [2;3mat[0m rust/tracing/src/init_tracer.rs:369

  [2m2026-04-27T00:19:12.351487Z[0m [32m INFO[0m  [32mFrontend server listening on address, [1;32maddr[0m[32m: 0.0.0.0:8000[0m
    [2;3mat[0m rust/frontend/src/server.rs:403

